   Compiling ai-filter v1.0.0 (D:\Loyihalar\Rust-app)
warning: unused import: `crate::detector::DetectionType`
 --> src\gui.rs:5:5
  |
5 | use crate::detector::DetectionType;
  |     ^^^^^^^^^^^^^^^^^^^^^^^^^^^^^^
  |
  = note: `#[warn(unused_imports)]` (part of `#[warn(unused)]`) on by default

warning: unused imports: `TrayIconEvent` and `menu::MenuEvent`
 --> src\gui.rs:7:17
  |
7 | use tray_icon::{TrayIconEvent, menu::MenuEvent};
  |                 ^^^^^^^^^^^^^  ^^^^^^^^^^^^^^^

warning: unused import: `rustls::pki_types::CertificateDer`
 --> src\mitm.rs:4:5
  |
4 | use rustls::pki_types::CertificateDer;
  |     ^^^^^^^^^^^^^^^^^^^^^^^^^^^^^^^^^

warning: variable does not need to be mutable
   --> src\proxy.rs:175:33
    |
175 | ...   let mut secure_c_read = tokio::time::timeout(tokio::time::Duration::from_millis(500), secure_client.read(&mut secure_buf)).aw...
    |           ----^^^^^^^^^^^^^
    |           |
    |           help: remove this `mut`
    |
    = note: `#[warn(unused_mut)]` (part of `#[warn(unused)]`) on by default

warning: variable does not need to be mutable
   --> src\proxy.rs:200:23
    |
200 |             if let Ok(mut upstream) = TcpStream::connect(target).await {
    |                       ----^^^^^^^^
    |                       |
    |                       help: remove this `mut`

warning: unused variable: `e`
  --> src\proxy.rs:63:28
   |
63 |                 if let Err(e) = handle_connection(client_stream, state, detector, mapping, target_sites, mitm, client_config).await {
   |                            ^ help: if this is intentional, prefix it with an underscore: `_e`
   |
   = note: `#[warn(unused_variables)]` (part of `#[warn(unused)]`) on by default

warning: unused variable: `client_addr`
  --> src\proxy.rs:54:33
   |
54 |             let (client_stream, client_addr) = listener.accept().await?;
   |                                 ^^^^^^^^^^^ help: if this is intentional, prefix it with an underscore: `_client_addr`

warning: variable does not need to be mutable
  --> src\proxy.rs:92:9
   |
92 |     let mut masked_text = filter.mask_text(&text, &detections);
   |         ----^^^^^^^^^^^
   |         |
   |         help: remove this `mut`

warning: method `get_original` is never used
  --> src\filter.rs:24:12
   |
12 | impl MappingStore {
   | ----------------- method in this implementation
...
24 |     pub fn get_original(&self, token: &str) -> Option<String> {
   |            ^^^^^^^^^^^^
   |
   = note: `#[warn(dead_code)]` (part of `#[warn(unused)]`) on by default

warning: method `restore_text` is never used
  --> src\filter.rs:58:12
   |
34 | impl MultiFilter {
   | ---------------- method in this implementation
...
58 |     pub fn restore_text(&self, text: &str) -> String {
   |            ^^^^^^^^^^^^

warning: fields `tray_show_id` and `tray_quit_id` are never read
  --> src\gui.rs:29:5
   |
 9 | pub struct AIFilterApp {
   |            ----------- fields in this struct
...
29 |     tray_show_id: tray_icon::menu::MenuId,
   |     ^^^^^^^^^^^^
30 |     tray_quit_id: tray_icon::menu::MenuId,
   |     ^^^^^^^^^^^^

warning: `ai-filter` (bin "ai-filter") generated 11 warnings (run `cargo fix --bin "ai-filter" -p ai-filter` to apply 8 suggestions)
    Finished `release` profile [optimized] target(s) in 2m 20s
